<?xml version="1.0" encoding="UTF-8"?>
<!-- Generated by org.testng.reporters.JUnitXMLReporter -->
<testsuite ignored="1" hostname="Ramyas-MacBook-Air.local" failures="0" tests="4" name="Test" time="48.528" errors="0" timestamp="2022-06-08T21:54:50 CDT">
  <testcase classname="com.tekArchapi.tests.EndToEndTest" name="addUsers" time="17.282"/>
  <testcase classname="com.tekArchapi.tests.EndToEndTest" name="updateUsers" time="15.249"/>
  <testcase classname="com.tekArchapi.tests.EndToEndTest" name="getUsers" time="7.884"/>
  <testcase classname="com.tekArchapi.tests.EndToEndTest" name="deleteUsers" time="7.896"/>
  <testcase classname="com.tekArchapi.tests.EndToEndTest" name="loginTekarchApi" time="0.0">
    <ignored/>
  </testcase> <!-- loginTekarchApi -->
</testsuite> <!-- Test -->
