<?xml version="1.0" encoding="UTF-8"?>
<!-- Generated by org.testng.reporters.JUnitXMLReporter -->
<testsuite ignored="0" hostname="Ramyas-MacBook-Air.local" failures="0" tests="5" name="Test" time="57.129" errors="0" timestamp="2022-06-09T12:35:20 CDT">
  <testcase classname="com.tekArchapi.tests.EndToEndTest" name="loginTekarchApi" time="0.815"/>
  <testcase classname="com.tekArchapi.tests.EndToEndTest" name="addUsers" time="18.895"/>
  <testcase classname="com.tekArchapi.tests.EndToEndTest" name="updateUsers" time="19.025"/>
  <testcase classname="com.tekArchapi.tests.EndToEndTest" name="getUsers" time="8.004"/>
  <testcase classname="com.tekArchapi.tests.EndToEndTest" name="deleteUsers" time="10.149"/>
</testsuite> <!-- Test -->
