<?xml version="1.0" encoding="UTF-8"?>
<testng-results ignored="0" total="5" passed="5" failed="0" skipped="0">
  <reporter-output>
  </reporter-output>
  <suite started-at="2022-06-09T12:34:23 CDT" name="Suite" finished-at="2022-06-09T12:35:20 CDT" duration-ms="57129">
    <groups>
    </groups>
    <test started-at="2022-06-09T12:34:23 CDT" name="Test" finished-at="2022-06-09T12:35:20 CDT" duration-ms="57129">
      <class name="com.tekArchapi.tests.EndToEndTest">
        <test-method is-config="true" signature="setup()[pri:0, instance:com.tekArchapi.tests.EndToEndTest@4da4253]" started-at="2022-06-09T12:34:23 CDT" name="setup" finished-at="2022-06-09T12:34:23 CDT" duration-ms="226" status="PASS">
          <reporter-output>
          </reporter-output>
        </test-method> <!-- setup -->
        <test-method signature="loginTekarchApi()[pri:0, instance:com.tekArchapi.tests.EndToEndTest@4da4253]" started-at="2022-06-09T12:34:23 CDT" name="loginTekarchApi" finished-at="2022-06-09T12:34:24 CDT" duration-ms="815" status="PASS">
          <reporter-output>
          </reporter-output>
        </test-method> <!-- loginTekarchApi -->
        <test-method signature="addUsers(java.lang.String,java.lang.String,java.lang.String,java.lang.String)[pri:1, instance:com.tekArchapi.tests.EndToEndTest@4da4253]" started-at="2022-06-09T12:34:24 CDT" name="addUsers" finished-at="2022-06-09T12:34:43 CDT" duration-ms="18895" status="PASS">
          <params>
            <param index="0">
              <value>
                <![CDATA[TA-23d4637]]>
              </value>
            </param>
            <param index="1">
              <value>
                <![CDATA[1]]>
              </value>
            </param>
            <param index="2">
              <value>
                <![CDATA[545547]]>
              </value>
            </param>
            <param index="3">
              <value>
                <![CDATA[542464]]>
              </value>
            </param>
          </params>
          <reporter-output>
          </reporter-output>
        </test-method> <!-- addUsers -->
        <test-method signature="updateUsers(java.lang.String,java.lang.String,java.lang.String,java.lang.String)[pri:2, instance:com.tekArchapi.tests.EndToEndTest@4da4253]" started-at="2022-06-09T12:34:43 CDT" name="updateUsers" finished-at="2022-06-09T12:35:02 CDT" duration-ms="19025" status="PASS">
          <params>
            <param index="0">
              <value>
                <![CDATA[TA-23d4637]]>
              </value>
            </param>
            <param index="1">
              <value>
                <![CDATA[3]]>
              </value>
            </param>
            <param index="2">
              <value>
                <![CDATA[545565]]>
              </value>
            </param>
            <param index="3">
              <value>
                <![CDATA[875464]]>
              </value>
            </param>
          </params>
          <reporter-output>
          </reporter-output>
        </test-method> <!-- updateUsers -->
        <test-method signature="getUsers()[pri:3, instance:com.tekArchapi.tests.EndToEndTest@4da4253]" started-at="2022-06-09T12:35:02 CDT" name="getUsers" finished-at="2022-06-09T12:35:10 CDT" duration-ms="8004" status="PASS">
          <reporter-output>
          </reporter-output>
        </test-method> <!-- getUsers -->
        <test-method signature="deleteUsers(java.lang.String)[pri:4, instance:com.tekArchapi.tests.EndToEndTest@4da4253]" started-at="2022-06-09T12:35:10 CDT" name="deleteUsers" finished-at="2022-06-09T12:35:20 CDT" duration-ms="10149" status="PASS">
          <params>
            <param index="0">
              <value>
                <![CDATA[TA-23d4637]]>
              </value>
            </param>
          </params>
          <reporter-output>
          </reporter-output>
        </test-method> <!-- deleteUsers -->
      </class> <!-- com.tekArchapi.tests.EndToEndTest -->
    </test> <!-- Test -->
  </suite> <!-- Suite -->
</testng-results>
